  [4;36;1mSQL (1.6ms)[0m   [0;1m SELECT name
 FROM sqlite_master
 WHERE type = 'table' AND NOT name = 'sqlite_sequence'
[0m
  [4;35;1mSQL (0.1ms)[0m   [0mselect sqlite_version(*)[0m
  [4;36;1mSQL (116.3ms)[0m   [0;1mCREATE TABLE "schema_migrations" ("version" varchar(255) NOT NULL) [0m
  [4;35;1mSQL (0.1ms)[0m   [0mPRAGMA index_list("schema_migrations")[0m
  [4;36;1mSQL (52.2ms)[0m   [0;1mCREATE UNIQUE INDEX "unique_schema_migrations" ON "schema_migrations" ("version")[0m
  [4;35;1mSQL (0.2ms)[0m   [0m SELECT name
 FROM sqlite_master
 WHERE type = 'table' AND NOT name = 'sqlite_sequence'
[0m
  [4;36;1mSQL (0.1ms)[0m   [0;1m SELECT name
 FROM sqlite_master
 WHERE type = 'table' AND NOT name = 'sqlite_sequence'
[0m
  [4;35;1mSQL (0.1ms)[0m   [0mSELECT version FROM schema_migrations[0m
  [4;36;1mSQL (0.1ms)[0m   [0;1m SELECT name
 FROM sqlite_master
 WHERE type = 'table' AND NOT name = 'sqlite_sequence'
[0m
  [4;36;1mSQL (0.3ms)[0m   [0;1m SELECT name
 FROM sqlite_master
 WHERE type = 'table' AND NOT name = 'sqlite_sequence'
[0m
  [4;35;1mSQL (0.1ms)[0m   [0mSELECT version FROM schema_migrations[0m
Migrating to CreateUsers (20110405233342)
  [4;36;1mSQL (0.0ms)[0m   [0;1mselect sqlite_version(*)[0m
  [4;35;1mSQL (0.3ms)[0m   [0mCREATE TABLE "users" ("id" INTEGER PRIMARY KEY AUTOINCREMENT NOT NULL, "name" varchar(255), "email" varchar(255), "created_at" datetime, "updated_at" datetime) [0m
  [4;36;1mSQL (0.1ms)[0m   [0;1mINSERT INTO schema_migrations (version) VALUES ('20110405233342')[0m
  [4;35;1mSQL (0.1ms)[0m   [0m SELECT name
 FROM sqlite_master
 WHERE type = 'table' AND NOT name = 'sqlite_sequence'
[0m
  [4;36;1mSQL (0.1ms)[0m   [0;1mSELECT version FROM schema_migrations[0m
  [4;35;1mSQL (0.1ms)[0m   [0m SELECT name
 FROM sqlite_master
 WHERE type = 'table' AND NOT name = 'sqlite_sequence'
[0m
  [4;36;1mSQL (0.0ms)[0m   [0;1mPRAGMA index_list("users")[0m


Processing UsersController#index (for 127.0.0.1 at 2011-04-05 16:35:59) [GET]
  [4;36;1mUser Load (0.4ms)[0m   [0;1mSELECT * FROM "users" [0m
Rendering template within layouts/users
Rendering users/index
Completed in 31ms (View: 28, DB: 0) | 200 OK [http://localhost/users]


Processing UsersController#index to xml (for 127.0.0.1 at 2011-04-05 16:37:22) [GET]
  [4;35;1mUser Load (0.3ms)[0m   [0mSELECT * FROM "users" [0m
Completed in 4ms (View: 1, DB: 0) | 200 OK [http://localhost/users.xml]


Processing UsersController#index to xml (for 127.0.0.1 at 2011-04-05 16:37:33) [GET]
  [4;36;1mUser Load (0.3ms)[0m   [0;1mSELECT * FROM "users" [0m
Completed in 3ms (View: 1, DB: 0) | 200 OK [http://localhost/users.xml]


Processing UsersController#index to json (for 127.0.0.1 at 2011-04-05 16:37:35) [GET]
  [4;35;1mUser Load (0.3ms)[0m   [0mSELECT * FROM "users" [0m
Completed in 3ms (View: 0, DB: 0) | 406 Not Acceptable [http://localhost/users.json]


Processing UsersController#index (for 127.0.0.1 at 2011-04-05 16:37:42) [GET]
  [4;36;1mUser Load (0.9ms)[0m   [0;1mSELECT * FROM "users" [0m
Rendering template within layouts/users
Rendering users/index
Completed in 4ms (View: 1, DB: 1) | 200 OK [http://localhost/users]


Processing UsersController#new (for 127.0.0.1 at 2011-04-05 16:37:43) [GET]
Rendering template within layouts/users
Rendering users/new
Completed in 9ms (View: 6, DB: 0) | 200 OK [http://localhost/users/new]


Processing UsersController#create (for 127.0.0.1 at 2011-04-05 16:37:48) [POST]
  Parameters: {"commit"=>"Create", "authenticity_token"=>"X/tC5KNY3ZviEjc+y3RFYVppWMkqSR941pTlrH5JKEM=", "user"=>{"name"=>"Steve", "email"=>"elimisteve@gmail.com"}}
  [4;35;1mUser Create (0.5ms)[0m   [0mINSERT INTO "users" ("name", "created_at", "updated_at", "email") VALUES('Steve', '2011-04-05 23:37:48', '2011-04-05 23:37:48', 'elimisteve@gmail.com')[0m
Redirected to http://localhost:3000/users/1
Completed in 140ms (DB: 1) | 302 Found [http://localhost/users]


Processing UsersController#show (for 127.0.0.1 at 2011-04-05 16:37:48) [GET]
  Parameters: {"id"=>"1"}
  [4;36;1mUser Load (0.1ms)[0m   [0;1mSELECT * FROM "users" WHERE ("users"."id" = 1) [0m
Rendering template within layouts/users
Rendering users/show
Completed in 10ms (View: 7, DB: 0) | 200 OK [http://localhost/users/1]


Processing UsersController#index (for 127.0.0.1 at 2011-04-05 16:37:51) [GET]
  [4;35;1mUser Load (0.4ms)[0m   [0mSELECT * FROM "users" [0m
Rendering template within layouts/users
Rendering users/index
Completed in 8ms (View: 3, DB: 0) | 200 OK [http://localhost/users]


Processing UsersController#index to xml (for 127.0.0.1 at 2011-04-05 16:37:55) [GET]
  [4;36;1mUser Load (2.7ms)[0m   [0;1mSELECT * FROM "users" [0m
Completed in 18ms (View: 13, DB: 3) | 200 OK [http://localhost/users.xml]


Processing UsersController#index to xml (for 127.0.0.1 at 2011-04-05 16:37:58) [GET]
  [4;35;1mUser Load (1.6ms)[0m   [0mSELECT * FROM "users" [0m
Completed in 6ms (View: 2, DB: 2) | 200 OK [http://localhost/users.xml]


Processing UsersController#index to json (for 127.0.0.1 at 2011-04-05 16:38:08) [GET]
  [4;36;1mUser Load (0.3ms)[0m   [0;1mSELECT * FROM "users" [0m
Completed in 3ms (View: 0, DB: 0) | 406 Not Acceptable [http://localhost/users.json]


Processing UsersController#index to json (for 127.0.0.1 at 2011-04-05 16:38:09) [GET]
  [4;35;1mUser Load (1.6ms)[0m   [0mSELECT * FROM "users" [0m
Completed in 5ms (View: 0, DB: 2) | 406 Not Acceptable [http://localhost/users.json]


Processing UsersController#index to json (for 127.0.0.1 at 2011-04-05 16:38:21) [GET]
  [4;36;1mUser Load (2.1ms)[0m   [0;1mSELECT * FROM "users" [0m
Completed in 7ms (View: 2, DB: 2) | 200 OK [http://localhost/users.json]
  [4;36;1mSQL (0.3ms)[0m   [0;1m SELECT name
 FROM sqlite_master
 WHERE type = 'table' AND NOT name = 'sqlite_sequence'
[0m
  [4;35;1mSQL (0.1ms)[0m   [0mSELECT version FROM schema_migrations[0m
Migrating to CreateUsers (20110405233342)
Migrating to CreateMicroposts (20110406013142)
  [4;36;1mSQL (0.0ms)[0m   [0;1mselect sqlite_version(*)[0m
  [4;35;1mSQL (0.3ms)[0m   [0mCREATE TABLE "microposts" ("id" INTEGER PRIMARY KEY AUTOINCREMENT NOT NULL, "content" varchar(255), "user_id" integer, "created_at" datetime, "updated_at" datetime) [0m
  [4;36;1mSQL (0.1ms)[0m   [0;1mINSERT INTO schema_migrations (version) VALUES ('20110406013142')[0m
  [4;35;1mSQL (0.2ms)[0m   [0m SELECT name
 FROM sqlite_master
 WHERE type = 'table' AND NOT name = 'sqlite_sequence'
[0m
  [4;36;1mSQL (0.1ms)[0m   [0;1mSELECT version FROM schema_migrations[0m
  [4;35;1mSQL (0.1ms)[0m   [0m SELECT name
 FROM sqlite_master
 WHERE type = 'table' AND NOT name = 'sqlite_sequence'
[0m
  [4;36;1mSQL (0.0ms)[0m   [0;1mPRAGMA index_list("microposts")[0m
  [4;35;1mSQL (0.0ms)[0m   [0mPRAGMA index_list("users")[0m


Processing UsersController#index (for 127.0.0.1 at 2011-04-05 18:34:17) [GET]
  [4;36;1mUser Load (0.5ms)[0m   [0;1mSELECT * FROM "users" [0m
Rendering template within layouts/users
Rendering users/index
Completed in 16ms (View: 12, DB: 0) | 200 OK [http://localhost/users]


Processing MicropostsController#index (for 127.0.0.1 at 2011-04-05 18:34:20) [GET]
  [4;35;1mMicropost Load (0.3ms)[0m   [0mSELECT * FROM "microposts" [0m
Rendering template within layouts/microposts
Rendering microposts/index
Completed in 10ms (View: 7, DB: 0) | 200 OK [http://localhost/microposts]


Processing MicropostsController#new (for 127.0.0.1 at 2011-04-05 18:34:23) [GET]
Rendering template within layouts/microposts
Rendering microposts/new
Completed in 9ms (View: 6, DB: 0) | 200 OK [http://localhost/microposts/new]


Processing MicropostsController#create (for 127.0.0.1 at 2011-04-05 18:34:30) [POST]
  Parameters: {"commit"=>"Create", "micropost"=>{"user_id"=>"1", "content"=>"We're #1!"}, "authenticity_token"=>"X/tC5KNY3ZviEjc+y3RFYVppWMkqSR941pTlrH5JKEM="}
  [4;36;1mMicropost Create (0.3ms)[0m   [0;1mINSERT INTO "microposts" ("created_at", "updated_at", "user_id", "content") VALUES('2011-04-06 01:34:30', '2011-04-06 01:34:30', 1, 'We''re #1!')[0m
Redirected to http://localhost:3000/microposts/1
Completed in 101ms (DB: 0) | 302 Found [http://localhost/microposts]


Processing MicropostsController#show (for 127.0.0.1 at 2011-04-05 18:34:30) [GET]
  Parameters: {"id"=>"1"}
  [4;35;1mMicropost Load (0.1ms)[0m   [0mSELECT * FROM "microposts" WHERE ("microposts"."id" = 1) [0m
Rendering template within layouts/microposts
Rendering microposts/show
Completed in 13ms (View: 6, DB: 0) | 200 OK [http://localhost/microposts/1]
  [4;36;1mUser Load (0.3ms)[0m   [0;1mSELECT * FROM "users" LIMIT 1[0m
  [4;35;1mMicropost Load (0.3ms)[0m   [0mSELECT * FROM "microposts" WHERE ("microposts".user_id = 1) [0m
